[1.971s] DEBUG:colcon:Command line arguments: ['/usr/bin/colcon', 'list', '-p', '--base-paths', '/home/do/gpu-voxels/packages/gpu_voxels']
[1.971s] DEBUG:colcon:Parsed command line arguments: Namespace(allow_overriding=[], base_paths=['/home/do/gpu-voxels/packages/gpu_voxels'], build_base='build', ignore_user_meta=False, log_base=None, log_level=None, main=<bound method ListVerb.main of <colcon_package_information.verb.list.ListVerb object at 0x7feeb0184a60>>, metas=['./colcon.meta'], names_only=False, packages_above=None, packages_above_and_dependencies=None, packages_above_depth=None, packages_end=None, packages_ignore=None, packages_ignore_regex=None, packages_select=None, packages_select_build_failed=False, packages_select_by_dep=None, packages_select_regex=None, packages_select_test_failures=False, packages_skip=None, packages_skip_build_finished=False, packages_skip_by_dep=None, packages_skip_regex=None, packages_skip_test_passed=False, packages_skip_up_to=None, packages_start=None, packages_up_to=None, packages_up_to_regex=None, paths=None, paths_only=True, topological_graph=False, topological_graph_density=False, topological_graph_dot=False, topological_graph_dot_cluster=False, topological_graph_dot_include_skipped=False, topological_graph_legend=False, topological_order=False, verb_extension=<colcon_package_information.verb.list.ListVerb object at 0x7feeb0184a60>, verb_name='list', verb_parser=<colcon_defaults.argument_parser.defaults.DefaultArgumentsDecorator object at 0x7feeb016c5b0>)
[2.074s] Level 1:colcon.colcon_core.package_discovery:discover_packages(colcon_meta) check parameters
[2.074s] Level 1:colcon.colcon_core.package_discovery:discover_packages(recursive) check parameters
[2.074s] Level 1:colcon.colcon_core.package_discovery:discover_packages(ignore) check parameters
[2.074s] Level 1:colcon.colcon_core.package_discovery:discover_packages(path) check parameters
[2.074s] Level 1:colcon.colcon_core.package_discovery:discover_packages(recursive) discover
[2.074s] INFO:colcon.colcon_core.package_discovery:Crawling recursively for packages in '/home/do/gpu-voxels/packages/gpu_voxels'
[2.074s] Level 1:colcon.colcon_core.package_identification:_identify(/home/do/gpu-voxels/packages/gpu_voxels) by extensions ['ignore', 'ignore_ament_install']
[2.074s] Level 1:colcon.colcon_core.package_identification:_identify(/home/do/gpu-voxels/packages/gpu_voxels) by extension 'ignore'
[2.074s] Level 1:colcon.colcon_core.package_identification:_identify(/home/do/gpu-voxels/packages/gpu_voxels) by extension 'ignore_ament_install'
[2.074s] Level 1:colcon.colcon_core.package_identification:_identify(/home/do/gpu-voxels/packages/gpu_voxels) by extensions ['colcon_pkg']
[2.074s] Level 1:colcon.colcon_core.package_identification:_identify(/home/do/gpu-voxels/packages/gpu_voxels) by extension 'colcon_pkg'
[2.074s] Level 1:colcon.colcon_core.package_identification:_identify(/home/do/gpu-voxels/packages/gpu_voxels) by extensions ['colcon_meta']
[2.074s] Level 1:colcon.colcon_core.package_identification:_identify(/home/do/gpu-voxels/packages/gpu_voxels) by extension 'colcon_meta'
[2.074s] Level 1:colcon.colcon_core.package_identification:_identify(/home/do/gpu-voxels/packages/gpu_voxels) by extensions ['ros']
[2.074s] Level 1:colcon.colcon_core.package_identification:_identify(/home/do/gpu-voxels/packages/gpu_voxels) by extension 'ros'
[2.082s] Level 1:colcon.colcon_core.package_identification:_identify(/home/do/gpu-voxels/packages/gpu_voxels) by extensions ['cmake', 'python']
[2.082s] Level 1:colcon.colcon_core.package_identification:_identify(/home/do/gpu-voxels/packages/gpu_voxels) by extension 'cmake'
[2.088s] Level 1:colcon.colcon_core.package_identification:_identify(/home/do/gpu-voxels/packages/gpu_voxels) by extension 'python'
[2.088s] DEBUG:colcon.colcon_core.package_identification:Package '/home/do/gpu-voxels/packages/gpu_voxels' with type 'cmake' and name 'gpu_voxels'
[2.088s] Level 1:colcon.colcon_core.package_discovery:discover_packages(recursive) using defaults
